# JRE version: Java(TM) SE Runtime Environment (17.0.17+8) (build 17.0.17+8-LTS-360)
# Java VM: Java HotSpot(TM) 64-Bit Server VM (17.0.17+8-LTS-360, mixed mode, sharing, tiered, compressed oops, compressed class ptrs, g1 gc, windows-amd64)
GC Precious Log:
 CPUs: 4 total, 4 available
 Memory: 6078M
 Large Page Support: Disabled
 NUMA Support: Disabled
 Compressed Oops: Enabled (32-bit)
 Heap Region Size: 1M
 Heap Min Capacity: 8M
 Heap Initial Capacity: 96M
 Heap Max Capacity: 1520M
 Pre-touch: Disabled
 Parallel Workers: 4
 Concurrent Workers: 1
 Concurrent Refinement Workers: 4
 Periodic GC: Disabled
Heap:
 garbage-first heap   total 98304K, used 64512K [0x00000000a1000000, 0x0000000100000000)
  region size 1024K, 38 young (38912K), 1 survivors (1024K)
 Metaspace       used 27076K, committed 27456K, reserved 1114112K
  class space    used 3175K, committed 3328K, reserved 1048576K
GC Heap History (16 events):
Event: 0.942 GC heap before
{Heap before GC invocations=0 (full 0):
 garbage-first heap   total 98304K, used 13312K [0x00000000a1000000, 0x0000000100000000)
  region size 1024K, 13 young (13312K), 0 survivors (0K)
 Metaspace       used 3292K, committed 3392K, reserved 1114112K
  class space    used 348K, committed 384K, reserved 1048576K
}
Event: 0.953 GC heap after
{Heap after GC invocations=1 (full 0):
 garbage-first heap   total 98304K, used 3168K [0x00000000a1000000, 0x0000000100000000)
  region size 1024K, 2 young (2048K), 2 survivors (2048K)
 Metaspace       used 3292K, committed 3392K, reserved 1114112K
  class space    used 348K, committed 384K, reserved 1048576K
}
Event: 1.509 GC heap before
{Heap before GC invocations=1 (full 0):
 garbage-first heap   total 98304K, used 15456K [0x00000000a1000000, 0x0000000100000000)
  region size 1024K, 14 young (14336K), 2 survivors (2048K)
 Metaspace       used 5468K, committed 5632K, reserved 1114112K
  class space    used 660K, committed 768K, reserved 1048576K
}
Event: 1.517 GC heap after
{Heap after GC invocations=2 (full 0):
 garbage-first heap   total 98304K, used 3951K [0x00000000a1000000, 0x0000000100000000)
  region size 1024K, 1 young (1024K), 1 survivors (1024K)
 Metaspace       used 5468K, committed 5632K, reserved 1114112K
  class space    used 660K, committed 768K, reserved 1048576K
}
Event: 2.805 GC heap before
{Heap before GC invocations=2 (full 0):
 garbage-first heap   total 98304K, used 32623K [0x00000000a1000000, 0x0000000100000000)
  region size 1024K, 29 young (29696K), 1 survivors (1024K)
 Metaspace       used 9170K, committed 9344K, reserved 1114112K
  class space    used 1108K, committed 1216K, reserved 1048576K
}
Event: 2.811 GC heap after
{Heap after GC invocations=3 (full 0):
 garbage-first heap   total 98304K, used 4963K [0x00000000a1000000, 0x0000000100000000)
  region size 1024K, 2 young (2048K), 2 survivors (2048K)
 Metaspace       used 9170K, committed 9344K, reserved 1114112K
  class space    used 1108K, committed 1216K, reserved 1048576K
}
Event: 5.715 GC heap before
{Heap before GC invocations=3 (full 0):
 garbage-first heap   total 98304K, used 61283K [0x00000000a1000000, 0x0000000100000000)
  region size 1024K, 57 young (58368K), 2 survivors (2048K)
 Metaspace       used 15060K, committed 15296K, reserved 1114112K
  class space    used 1818K, committed 1920K, reserved 1048576K
}
Event: 5.752 GC heap after
{Heap after GC invocations=4 (full 0):
 garbage-first heap   total 98304K, used 11408K [0x00000000a1000000, 0x0000000100000000)
  region size 1024K, 8 young (8192K), 8 survivors (8192K)
 Metaspace       used 15060K, committed 15296K, reserved 1114112K
  class space    used 1818K, committed 1920K, reserved 1048576K
}
Event: 9.000 GC heap before
{Heap before GC invocations=4 (full 0):
 garbage-first heap   total 98304K, used 61584K [0x00000000a1000000, 0x0000000100000000)
  region size 1024K, 57 young (58368K), 8 survivors (8192K)
 Metaspace       used 16921K, committed 17152K, reserved 1114112K
  class space    used 1994K, committed 2112K, reserved 1048576K
}
Event: 9.029 GC heap after
{Heap after GC invocations=5 (full 0):
 garbage-first heap   total 98304K, used 14945K [0x00000000a1000000, 0x0000000100000000)
  region size 1024K, 4 young (4096K), 4 survivors (4096K)
 Metaspace       used 16921K, committed 17152K, reserved 1114112K
  class space    used 1994K, committed 2112K, reserved 1048576K
}
Event: 10.504 GC heap before
{Heap before GC invocations=5 (full 0):
 garbage-first heap   total 98304K, used 41569K [0x00000000a1000000, 0x0000000100000000)
  region size 1024K, 27 young (27648K), 4 survivors (4096K)
 Metaspace       used 21152K, committed 21504K, reserved 1114112K
  class space    used 2503K, committed 2688K, reserved 1048576K
}
Event: 10.524 GC heap after
{Heap after GC invocations=6 (full 0):
 garbage-first heap   total 98304K, used 22531K [0x00000000a1000000, 0x0000000100000000)
  region size 1024K, 7 young (7168K), 7 survivors (7168K)
 Metaspace       used 21152K, committed 21504K, reserved 1114112K
  class space    used 2503K, committed 2688K, reserved 1048576K
}
Event: 12.527 GC heap before
{Heap before GC invocations=7 (full 0):
 garbage-first heap   total 81920K, used 65539K [0x00000000a1000000, 0x0000000100000000)
  region size 1024K, 48 young (49152K), 7 survivors (7168K)
 Metaspace       used 26799K, committed 27136K, reserved 1114112K
  class space    used 3167K, committed 3328K, reserved 1048576K
}
Event: 12.553 GC heap after
{Heap after GC invocations=8 (full 0):
 garbage-first heap   total 81920K, used 25558K [0x00000000a1000000, 0x0000000100000000)
  region size 1024K, 6 young (6144K), 6 survivors (6144K)
 Metaspace       used 26799K, committed 27136K, reserved 1114112K
  class space    used 3167K, committed 3328K, reserved 1048576K
}
Event: 12.595 GC heap before
{Heap before GC invocations=8 (full 0):
 garbage-first heap   total 81920K, used 25558K [0x00000000a1000000, 0x0000000100000000)
  region size 1024K, 7 young (7168K), 6 survivors (6144K)
 Metaspace       used 26806K, committed 27136K, reserved 1114112K
  class space    used 3167K, committed 3328K, reserved 1048576K
}
Event: 12.608 GC heap after
{Heap after GC invocations=9 (full 0):
 garbage-first heap   total 98304K, used 25600K [0x00000000a1000000, 0x0000000100000000)
  region size 1024K, 1 young (1024K), 1 survivors (1024K)
 Metaspace       used 26806K, committed 27136K, reserved 1114112K
  class space    used 3167K, committed 3328K, reserved 1048576K
}

